<?xml version="1.0" encoding="UTF-8"?>
<testsuite name="CoinCombosTest" tests="5" skipped="0" failures="0" errors="0" timestamp="2016-04-21T17:42:17" hostname="epicodus-59.local" time="0.002">
  <properties/>
  <testcase name="isChangeBack_forQuarterGroup_outputString" classname="CoinCombosTest" time="0.001"/>
  <testcase name="isChangeBack_forDimesGroup_outputString" classname="CoinCombosTest" time="0.0"/>
  <testcase name="isChangeBack_forMultipleCoins_outputString" classname="CoinCombosTest" time="0.0"/>
  <testcase name="isChangeBack_forPenniesGroup_outputString" classname="CoinCombosTest" time="0.0"/>
  <testcase name="isChangeBack_forNickelsGroup_outputString" classname="CoinCombosTest" time="0.0"/>
  <system-out><![CDATA[]]></system-out>
  <system-err><![CDATA[]]></system-err>
</testsuite>
